<?xml version="1.0" encoding="UTF-8"?>
<!-- Generated by org.testng.reporters.JUnitReportReporter -->
<testsuite hostname="DESKTOP-9NTDIKV" failures="0" tests="1" name="com.facebook.FacebookLoginTest1" time="12.707" errors="0" timestamp="2023-04-11T14:32:10 IST" skipped="0">
  <testcase classname="com.facebook.FacebookLoginTest1" name="testFacebookLogin" time="12.707"/>
  <system-out/>
</testsuite> <!-- com.facebook.FacebookLoginTest1 -->
